<!DOCTYPE html PUBLIC "-//W3C//DTD XHTML 1.1//EN" "https://www.w3.org/TR/xhtml11/DTD/xhtml11.dtd">
<html xmlns="https://www.w3.org/1999/xhtml">
<head>
<meta http-equiv="content-type" content="text/html; charset=UTF-8"/>
<title>TestNG Report</title>
<style type="text/css">table {margin-bottom:10px;border-collapse:collapse;empty-cells:show}th,td {border:1px solid #009;padding:.25em .5em}th {vertical-align:bottom}td {vertical-align:top}table a {font-weight:bold}.stripe td {background-color: #E6EBF9}.num {text-align:right}.passedodd td {background-color: #3F3}.passedeven td {background-color: #0A0}.skippedodd td {background-color: #DDD}.skippedeven td {background-color: #CCC}.failedodd td,.attn {background-color: #F33}.failedeven td,.stripe .attn {background-color: #D00}.stacktrace {white-space:pre;font-family:monospace}.totop {font-size:85%;text-align:center;border-bottom:2px solid #000}.invisible {display:none}</style>
</head>
<body>
<table>
<tr><th>Test</th><th># Passed</th><th># Skipped</th><th># Retried</th><th># Failed</th><th>Time (ms)</th><th>Included Groups</th><th>Excluded Groups</th></tr>
<tr><th colspan="8">Suite</th></tr>
<tr><td><a href="#t0">PlaceOrderTest</a></td><td class="num">0</td><td class="num attn">1</td><td class="num">0</td><td class="num attn">2</td><td class="num">47,232</td><td></td><td></td></tr>
<tr class="stripe"><td><a href="#t1">ErrorMessageValidationTest</a></td><td class="num">2</td><td class="num">0</td><td class="num">0</td><td class="num">0</td><td class="num">21,938</td><td></td><td></td></tr>
<tr><th>Total</th><th class="num">2</th><th class="num attn">1</th><th class="num">0</th><th class="num attn">2</th><th class="num">69,170</th><th colspan="2"></th></tr>
</table>
<table id='summary'><thead><tr><th>Class</th><th>Method</th><th>Start</th><th>Time (ms)</th></tr></thead><tbody><tr><th colspan="4">Suite</th></tr></tbody><tbody id="t0"><tr><th colspan="4">PlaceOrderTest &#8212; failed</th></tr><tr class="failedeven"><td rowspan="2">SeleniumProject.TestorderTest</td><td><a href="#m0">SubmitOrder</a></td><td rowspan="2">1721673999969</td><td rowspan="2">11414</td></tr><tr class="failedeven"><td><a href="#m1">SubmitOrder</a></td></tr><tr><th colspan="4">PlaceOrderTest &#8212; skipped</th></tr><tr class="skippedeven"><td rowspan="1">SeleniumProject.TestorderTest</td><td><a href="#m2">Order</a></td><td rowspan="1">1721674012160</td><td rowspan="1">0</td></tr></tbody>
<tbody id="t1"><tr><th colspan="4">ErrorMessageValidationTest &#8212; passed</th></tr><tr class="passedeven"><td rowspan="2">SeleniumProject.ErrorMessageValidationTest</td><td><a href="#m3">LoginerrorValidation</a></td><td rowspan="1">1721674022030</td><td rowspan="1">1281</td></tr><tr class="passedeven"><td><a href="#m4">ProducterrorValidation</a></td><td rowspan="1">1721674031621</td><td rowspan="1">3379</td></tr></tbody>
</table>
<h2>PlaceOrderTest</h2><h3 id="m0">SeleniumProject.TestorderTest#SubmitOrder</h3><table class="result"><tr class="param"><th>Parameter #1</th></tr><tr class="param stripe"><td>{Email=sushantmali@gmail.com, Password=susha@123}</td></tr><tr><th>Exception</th></tr><tr><td><div class="stacktrace">org.openqa.selenium.TimeoutException: Expected condition failed: waiting for visibility of element located by By.cssSelector: .col-sm-10 (tried for 5 second(s) with 500 milliseconds interval)
Build info: version: &apos;4.22.0&apos;, revision: &apos;c5f3146703*&apos;
System info: os.name: &apos;Windows 10&apos;, os.arch: &apos;amd64&apos;, os.version: &apos;10.0&apos;, java.version: &apos;21.0.3&apos;
Driver info: org.openqa.selenium.chrome.ChromeDriver
Capabilities {acceptInsecureCerts: false, browserName: chrome, browserVersion: 126.0.6478.127, chrome: {chromedriverVersion: 126.0.6478.182 (5b5d8292ddf..., userDataDir: C:\Users\Admin\AppData\Loca...}, fedcm:accounts: true, goog:chromeOptions: {debuggerAddress: localhost:64037}, networkConnectionEnabled: false, pageLoadStrategy: normal, platformName: windows, proxy: Proxy(), se:cdp: ws://localhost:64037/devtoo..., se:cdpVersion: 126.0.6478.127, setWindowRect: true, strictFileInteractability: false, timeouts: {implicit: 0, pageLoad: 300000, script: 30000}, unhandledPromptBehavior: dismiss and notify, webauthn:extension:credBlob: true, webauthn:extension:largeBlob: true, webauthn:extension:minPinLength: true, webauthn:extension:prf: true, webauthn:virtualAuthenticators: true}
Session ID: 6936e5fbbd3f6fd0999f47cee336850b
	at org.openqa.selenium.support.ui.WebDriverWait.timeoutException(WebDriverWait.java:84)
	at org.openqa.selenium.support.ui.FluentWait.until(FluentWait.java:228)
	at Framework.Abstractclass.AbstractComponants.waitForElementToAppear(AbstractComponants.java:33)
	at Framework.pageobject.Productcatalogue.getproductlist(Productcatalogue.java:37)
	at SeleniumProject.TestorderTest.SubmitOrder(TestorderTest.java:33)
	at java.base/java.util.ArrayList.forEach(ArrayList.java:1596)
... Removed 25 stack frames</div></td></tr></table><p class="totop"><a href="#summary">back to summary</a></p>
<h3 id="m1">SeleniumProject.TestorderTest#SubmitOrder</h3><table class="result"><tr class="param"><th>Parameter #1</th></tr><tr class="param stripe"><td>{Email=sushantmali2016@gmail.com, Password=Morya@123}</td></tr><tr><th>Exception</th></tr><tr><td><div class="stacktrace">org.openqa.selenium.TimeoutException: Expected condition failed: waiting for visibility of element located by By.cssSelector: .col-sm-10 (tried for 5 second(s) with 500 milliseconds interval)
Build info: version: &apos;4.22.0&apos;, revision: &apos;c5f3146703*&apos;
System info: os.name: &apos;Windows 10&apos;, os.arch: &apos;amd64&apos;, os.version: &apos;10.0&apos;, java.version: &apos;21.0.3&apos;
Driver info: org.openqa.selenium.chrome.ChromeDriver
Capabilities {acceptInsecureCerts: false, browserName: chrome, browserVersion: 126.0.6478.127, chrome: {chromedriverVersion: 126.0.6478.182 (5b5d8292ddf..., userDataDir: C:\Users\Admin\AppData\Loca...}, fedcm:accounts: true, goog:chromeOptions: {debuggerAddress: localhost:64004}, networkConnectionEnabled: false, pageLoadStrategy: normal, platformName: windows, proxy: Proxy(), se:cdp: ws://localhost:64004/devtoo..., se:cdpVersion: 126.0.6478.127, setWindowRect: true, strictFileInteractability: false, timeouts: {implicit: 0, pageLoad: 300000, script: 30000}, unhandledPromptBehavior: dismiss and notify, webauthn:extension:credBlob: true, webauthn:extension:largeBlob: true, webauthn:extension:minPinLength: true, webauthn:extension:prf: true, webauthn:virtualAuthenticators: true}
Session ID: dd272d321672ba1c19dec45346a362ee
	at org.openqa.selenium.support.ui.WebDriverWait.timeoutException(WebDriverWait.java:84)
	at org.openqa.selenium.support.ui.FluentWait.until(FluentWait.java:228)
	at Framework.Abstractclass.AbstractComponants.waitForElementToAppear(AbstractComponants.java:33)
	at Framework.pageobject.Productcatalogue.getproductlist(Productcatalogue.java:37)
	at SeleniumProject.TestorderTest.SubmitOrder(TestorderTest.java:33)
	at java.base/java.util.ArrayList.forEach(ArrayList.java:1596)
... Removed 25 stack frames</div></td></tr></table><p class="totop"><a href="#summary">back to summary</a></p>
<h3 id="m2">SeleniumProject.TestorderTest#Order</h3><table class="result"><tr><th>Exception</th></tr><tr><td><div class="stacktrace">java.lang.Throwable: Method SeleniumProject.TestorderTest.Order() on instance SeleniumProject.TestorderTest@2ea6e30c depends on not successfully finished methods 
[SeleniumProject.TestorderTest.SubmitOrder() on instance SeleniumProject.TestorderTest@2ea6e30c]
	at java.base/java.util.ArrayList.forEach(ArrayList.java:1596)
... Removed 18 stack frames</div></td></tr></table><p class="totop"><a href="#summary">back to summary</a></p>
<h2>ErrorMessageValidationTest</h2><h3 id="m3">SeleniumProject.ErrorMessageValidationTest#LoginerrorValidation</h3><table class="result"><tr><th class="invisible"/></tr></table><p class="totop"><a href="#summary">back to summary</a></p>
<h3 id="m4">SeleniumProject.ErrorMessageValidationTest#ProducterrorValidation</h3><table class="result"><tr><th class="invisible"/></tr></table><p class="totop"><a href="#summary">back to summary</a></p>
</body>
</html>
