<!DOCTYPE html PUBLIC "-//W3C//DTD XHTML 1.1//EN" "https://www.w3.org/TR/xhtml11/DTD/xhtml11.dtd">
<html xmlns="https://www.w3.org/1999/xhtml">
<head>
<meta http-equiv="content-type" content="text/html; charset=UTF-8"/>
<title>TestNG Report</title>
<style type="text/css">table {margin-bottom:10px;border-collapse:collapse;empty-cells:show}th,td {border:1px solid #009;padding:.25em .5em}th {vertical-align:bottom}td {vertical-align:top}table a {font-weight:bold}.stripe td {background-color: #E6EBF9}.num {text-align:right}.passedodd td {background-color: #3F3}.passedeven td {background-color: #0A0}.skippedodd td {background-color: #DDD}.skippedeven td {background-color: #CCC}.failedodd td,.attn {background-color: #F33}.failedeven td,.stripe .attn {background-color: #D00}.stacktrace {white-space:pre;font-family:monospace}.totop {font-size:85%;text-align:center;border-bottom:2px solid #000}.invisible {display:none}</style>
</head>
<body>
<table>
<tr><th>Test</th><th># Passed</th><th># Skipped</th><th># Retried</th><th># Failed</th><th>Time (ms)</th><th>Included Groups</th><th>Excluded Groups</th></tr>
<tr><th colspan="8">Suite</th></tr>
<tr><td><a href="#t0">PlaceOrderTest</a></td><td class="num">0</td><td class="num attn">3</td><td class="num">0</td><td class="num">0</td><td class="num">932</td><td></td><td></td></tr>
<tr class="stripe"><td><a href="#t1">ErrorMessageValidationTest</a></td><td class="num">0</td><td class="num attn">2</td><td class="num">0</td><td class="num">0</td><td class="num">34</td><td></td><td></td></tr>
<tr><th>Total</th><th class="num">0</th><th class="num attn">5</th><th class="num">0</th><th class="num">0</th><th class="num">966</th><th colspan="2"></th></tr>
</table>
<table id='summary'><thead><tr><th>Class</th><th>Method</th><th>Start</th><th>Time (ms)</th></tr></thead><tbody><tr><th colspan="4">Suite</th></tr></tbody><tbody id="t0"><tr><th colspan="4">PlaceOrderTest &#8212; failed (configuration methods)</th></tr><tr class="failedeven"><td rowspan="4">SeleniumProject.TestorderTest</td><td><a href="#m0">LaunchApplication</a></td><td rowspan="2">1721713304178</td><td rowspan="2">31</td></tr><tr class="failedeven"><td><a href="#m1">LaunchApplication</a></td></tr><tr class="failedeven"><td><a href="#m2">Teardown</a></td><td rowspan="2">1721713304270</td><td rowspan="2">2</td></tr><tr class="failedeven"><td><a href="#m3">Teardown</a></td></tr><tr><th colspan="4">PlaceOrderTest &#8212; skipped</th></tr><tr class="skippedeven"><td rowspan="3">SeleniumProject.TestorderTest</td><td><a href="#m4">Order</a></td><td rowspan="1">1721713304288</td><td rowspan="1">0</td></tr><tr class="skippedeven"><td><a href="#m5">SubmitOrder</a></td><td rowspan="2">1721713304225</td><td rowspan="2">1</td></tr><tr class="skippedeven"><td><a href="#m6">SubmitOrder</a></td></tr></tbody>
<tbody id="t1"><tr><th colspan="4">ErrorMessageValidationTest &#8212; failed (configuration methods)</th></tr><tr class="failedeven"><td rowspan="4">SeleniumProject.ErrorMessageValidationTest</td><td><a href="#m7">LaunchApplication</a></td><td rowspan="2">1721713305362</td><td rowspan="2">2</td></tr><tr class="failedeven"><td><a href="#m8">LaunchApplication</a></td></tr><tr class="failedeven"><td><a href="#m9">Teardown</a></td><td rowspan="2">1721713305357</td><td rowspan="2">1</td></tr><tr class="failedeven"><td><a href="#m10">Teardown</a></td></tr><tr><th colspan="4">ErrorMessageValidationTest &#8212; skipped</th></tr><tr class="skippedeven"><td rowspan="2">SeleniumProject.ErrorMessageValidationTest</td><td><a href="#m11">LoginerrorValidation</a></td><td rowspan="1">1721713305351</td><td rowspan="1">1</td></tr><tr class="skippedeven"><td><a href="#m12">ProducterrorValidation</a></td><td rowspan="1">1721713305366</td><td rowspan="1">1</td></tr></tbody>
</table>
<h2>PlaceOrderTest</h2><h3 id="m0">SeleniumProject.TestorderTest#LaunchApplication</h3><table class="result"><tr><th>Exception</th></tr><tr><td><div class="stacktrace">java.lang.NullPointerException: Cannot invoke &quot;org.openqa.selenium.WebDriver.manage()&quot; because &quot;this.driver&quot; is null
	at BasePackage.BaseTest.BrowserInitialisation(BaseTest.java:47)
	at BasePackage.BaseTest.LaunchApplication(BaseTest.java:78)
	at java.base/java.util.ArrayList.forEach(ArrayList.java:1596)
... Removed 33 stack frames</div></td></tr></table><p class="totop"><a href="#summary">back to summary</a></p>
<h3 id="m1">SeleniumProject.TestorderTest#LaunchApplication</h3><table class="result"><tr><th>Exception</th></tr><tr><td><div class="stacktrace">java.lang.NullPointerException: Cannot invoke &quot;org.openqa.selenium.WebDriver.manage()&quot; because &quot;this.driver&quot; is null
	at BasePackage.BaseTest.BrowserInitialisation(BaseTest.java:47)
	at BasePackage.BaseTest.LaunchApplication(BaseTest.java:78)
	at java.base/java.util.ArrayList.forEach(ArrayList.java:1596)
... Removed 33 stack frames</div></td></tr></table><p class="totop"><a href="#summary">back to summary</a></p>
<h3 id="m2">SeleniumProject.TestorderTest#Teardown</h3><table class="result"><tr><th>Exception</th></tr><tr><td><div class="stacktrace">java.lang.NullPointerException: Cannot invoke &quot;org.openqa.selenium.WebDriver.close()&quot; because &quot;this.driver&quot; is null
	at BasePackage.BaseTest.Teardown(BaseTest.java:87)
	at java.base/java.util.ArrayList.forEach(ArrayList.java:1596)
... Removed 34 stack frames</div></td></tr></table><p class="totop"><a href="#summary">back to summary</a></p>
<h3 id="m3">SeleniumProject.TestorderTest#Teardown</h3><table class="result"><tr><th>Exception</th></tr><tr><td><div class="stacktrace">java.lang.NullPointerException: Cannot invoke &quot;org.openqa.selenium.WebDriver.close()&quot; because &quot;this.driver&quot; is null
	at BasePackage.BaseTest.Teardown(BaseTest.java:87)
	at java.base/java.util.ArrayList.forEach(ArrayList.java:1596)
... Removed 34 stack frames</div></td></tr></table><p class="totop"><a href="#summary">back to summary</a></p>
<h3 id="m4">SeleniumProject.TestorderTest#Order</h3><table class="result"><tr><th>Exception</th></tr><tr><td><div class="stacktrace">java.lang.Throwable: Method SeleniumProject.TestorderTest.Order() on instance SeleniumProject.TestorderTest@70cf32e3 depends on not successfully finished methods 
[SeleniumProject.TestorderTest.SubmitOrder() on instance SeleniumProject.TestorderTest@70cf32e3]
	at java.base/java.util.ArrayList.forEach(ArrayList.java:1596)
... Removed 22 stack frames</div></td></tr></table><p class="totop"><a href="#summary">back to summary</a></p>
<h3 id="m5">SeleniumProject.TestorderTest#SubmitOrder</h3><table class="result"><tr class="param"><th>Parameter #1</th></tr><tr class="param stripe"><td>{Email=sushantmali2016@gmail.com, Password=Morya@123}</td></tr><tr><th>Exception</th></tr><tr><td><div class="stacktrace">java.lang.NullPointerException: Cannot invoke &quot;org.openqa.selenium.WebDriver.manage()&quot; because &quot;this.driver&quot; is null
	at BasePackage.BaseTest.BrowserInitialisation(BaseTest.java:47)
	at BasePackage.BaseTest.LaunchApplication(BaseTest.java:78)
	at java.base/java.util.ArrayList.forEach(ArrayList.java:1596)
... Removed 33 stack frames</div></td></tr></table><p class="totop"><a href="#summary">back to summary</a></p>
<h3 id="m6">SeleniumProject.TestorderTest#SubmitOrder</h3><table class="result"><tr class="param"><th>Parameter #1</th></tr><tr class="param stripe"><td>{Email=sushantmali@gmail.com, Password=susha@123}</td></tr><tr><th>Exception</th></tr><tr><td><div class="stacktrace">java.lang.NullPointerException: Cannot invoke &quot;org.openqa.selenium.WebDriver.manage()&quot; because &quot;this.driver&quot; is null
	at BasePackage.BaseTest.BrowserInitialisation(BaseTest.java:47)
	at BasePackage.BaseTest.LaunchApplication(BaseTest.java:78)
	at java.base/java.util.ArrayList.forEach(ArrayList.java:1596)
... Removed 33 stack frames</div></td></tr></table><p class="totop"><a href="#summary">back to summary</a></p>
<h2>ErrorMessageValidationTest</h2><h3 id="m7">SeleniumProject.ErrorMessageValidationTest#LaunchApplication</h3><table class="result"><tr><th>Exception</th></tr><tr><td><div class="stacktrace">java.lang.NullPointerException: Cannot invoke &quot;org.openqa.selenium.WebDriver.manage()&quot; because &quot;this.driver&quot; is null
	at BasePackage.BaseTest.BrowserInitialisation(BaseTest.java:47)
	at BasePackage.BaseTest.LaunchApplication(BaseTest.java:78)
	at java.base/java.util.ArrayList.forEach(ArrayList.java:1596)
... Removed 33 stack frames</div></td></tr></table><p class="totop"><a href="#summary">back to summary</a></p>
<h3 id="m8">SeleniumProject.ErrorMessageValidationTest#LaunchApplication</h3><table class="result"><tr><th>Exception</th></tr><tr><td><div class="stacktrace">java.lang.NullPointerException: Cannot invoke &quot;org.openqa.selenium.WebDriver.manage()&quot; because &quot;this.driver&quot; is null
	at BasePackage.BaseTest.BrowserInitialisation(BaseTest.java:47)
	at BasePackage.BaseTest.LaunchApplication(BaseTest.java:78)
	at java.base/java.util.ArrayList.forEach(ArrayList.java:1596)
... Removed 33 stack frames</div></td></tr></table><p class="totop"><a href="#summary">back to summary</a></p>
<h3 id="m9">SeleniumProject.ErrorMessageValidationTest#Teardown</h3><table class="result"><tr><th>Exception</th></tr><tr><td><div class="stacktrace">java.lang.NullPointerException: Cannot invoke &quot;org.openqa.selenium.WebDriver.close()&quot; because &quot;this.driver&quot; is null
	at BasePackage.BaseTest.Teardown(BaseTest.java:87)
	at java.base/java.util.ArrayList.forEach(ArrayList.java:1596)
... Removed 34 stack frames</div></td></tr></table><p class="totop"><a href="#summary">back to summary</a></p>
<h3 id="m10">SeleniumProject.ErrorMessageValidationTest#Teardown</h3><table class="result"><tr><th>Exception</th></tr><tr><td><div class="stacktrace">java.lang.NullPointerException: Cannot invoke &quot;org.openqa.selenium.WebDriver.close()&quot; because &quot;this.driver&quot; is null
	at BasePackage.BaseTest.Teardown(BaseTest.java:87)
	at java.base/java.util.ArrayList.forEach(ArrayList.java:1596)
... Removed 34 stack frames</div></td></tr></table><p class="totop"><a href="#summary">back to summary</a></p>
<h3 id="m11">SeleniumProject.ErrorMessageValidationTest#LoginerrorValidation</h3><table class="result"><tr><th>Exception</th></tr><tr><td><div class="stacktrace">java.lang.NullPointerException: Cannot invoke &quot;org.openqa.selenium.WebDriver.manage()&quot; because &quot;this.driver&quot; is null
	at BasePackage.BaseTest.BrowserInitialisation(BaseTest.java:47)
	at BasePackage.BaseTest.LaunchApplication(BaseTest.java:78)
	at java.base/java.util.ArrayList.forEach(ArrayList.java:1596)
... Removed 33 stack frames</div></td></tr></table><p class="totop"><a href="#summary">back to summary</a></p>
<h3 id="m12">SeleniumProject.ErrorMessageValidationTest#ProducterrorValidation</h3><table class="result"><tr><th>Exception</th></tr><tr><td><div class="stacktrace">java.lang.NullPointerException: Cannot invoke &quot;org.openqa.selenium.WebDriver.manage()&quot; because &quot;this.driver&quot; is null
	at BasePackage.BaseTest.BrowserInitialisation(BaseTest.java:47)
	at BasePackage.BaseTest.LaunchApplication(BaseTest.java:78)
	at java.base/java.util.ArrayList.forEach(ArrayList.java:1596)
... Removed 33 stack frames</div></td></tr></table><p class="totop"><a href="#summary">back to summary</a></p>
</body>
</html>
